"Task Aware Debugger for GDB" version 11.6.1 (202207200623)
(c) 2016-2022 NXP Semiconductors, Inc.
==================================
07:19:59.103 INFO: [TadModel] DSF session ID 2 has started.
07:20:07.186 INFO: [TadState] TAD state changed: DEBUG_STARTED -> DEBUG_INIT_0 (RESUMED, USER_REQUEST)
07:20:07.540 INFO: [TadState] TAD state changed: DEBUG_INIT_0 -> DEBUG_INIT_1 (SUSPENDED, SIGNAL)
07:20:08.117 INFO: [TadState] TAD state changed: DEBUG_INIT_1 -> DEBUG_SUSPENDED (RESUMED, USER_REQUEST)
07:20:08.197 INFO: [TadState] TAD state changed: DEBUG_SUSPENDED -> DEBUG_SUSPENDED (SUSPENDED, BREAKPOINT)
07:20:11.70 INFO: [TadState] TAD state changed: DEBUG_SUSPENDED -> DEBUG_SUSPENDED (SUSPENDED, SIGNAL)
07:20:11.601 INFO: [TadState] TAD state changed: DEBUG_SUSPENDED -> DEBUG_SUSPENDED (SUSPENDED, SIGNAL)
07:20:11.982 INFO: [TadState] TAD state changed: DEBUG_SUSPENDED -> DEBUG_RESUMED (RESUMED, STEP)
07:20:12.54 INFO: [TadState] TAD state changed: DEBUG_RESUMED -> READY (SUSPENDED, STEP)
07:20:12.659 INFO: [TadState] TAD state changed: READY -> DEBUG_RESUMED (SUSPENDED, USER_REQUEST)
07:20:13.529 INFO: [TadState] TAD state changed: DEBUG_RESUMED -> READY (SUSPENDED, SIGNAL)
07:20:13.952 INFO: [TadState] TAD state changed: READY -> DEBUG_RESUMED (RESUMED, STEP)
07:20:14.64 INFO: [TadState] TAD state changed: DEBUG_RESUMED -> READY (SUSPENDED, STEP)
07:20:14.307 INFO: [TadState] TAD state changed: READY -> DEBUG_RESUMED (SUSPENDED, SIGNAL)
07:20:14.582 INFO: [TadState] TAD state changed: DEBUG_RESUMED -> READY (SUSPENDED, SIGNAL)
07:20:14.952 INFO: [TadState] TAD state changed: READY -> DEBUG_RESUMED (RESUMED, STEP)
07:20:15.63 INFO: [TadState] TAD state changed: DEBUG_RESUMED -> READY (SUSPENDED, STEP)
07:20:15.672 INFO: [TadState] TAD state changed: READY -> DEBUG_RESUMED (SUSPENDED, SIGNAL)
07:20:16.157 INFO: [TadState] TAD state changed: DEBUG_RESUMED -> DEBUG_RESUMED (RESUMED, STEP)
07:20:24.39 INFO: [TadState] TAD state changed: DEBUG_RESUMED -> READY (SUSPENDED, SIGNAL)
07:20:24.587 INFO: [TadState] TAD state changed: READY -> DEBUG_RESUMED (SUSPENDED, SIGNAL)
07:20:24.825 INFO: [TadState] TAD state changed: DEBUG_RESUMED -> READY (SUSPENDED, USER_REQUEST)
07:20:25.387 INFO: [TadState] TAD state changed: READY -> DEBUG_RESUMED (SUSPENDED, SIGNAL)
07:20:25.859 INFO: [TadState] TAD state changed: DEBUG_RESUMED -> READY (SUSPENDED, SIGNAL)
07:20:26.384 INFO: [TadState] TAD state changed: READY -> DEBUG_RESUMED (SUSPENDED, SIGNAL)
07:20:27.490 INFO: [TadState] TAD state changed: DEBUG_RESUMED -> READY (SUSPENDED, SIGNAL)
07:20:28.31 INFO: [TadState] TAD state changed: READY -> DEBUG_RESUMED (SUSPENDED, SIGNAL)
07:20:36.884 INFO: [TadState] TAD state changed: DEBUG_RESUMED -> DEBUG_RESUMED (RESUMED, STEP)
07:20:36.957 INFO: [TadState] TAD state changed: DEBUG_RESUMED -> READY (SUSPENDED, STEP)
07:20:37.934 INFO: [TadState] TAD state changed: READY -> DEBUG_RESUMED (SUSPENDED, USER_REQUEST)
07:20:38.577 INFO: [TadState] TAD state changed: DEBUG_RESUMED -> READY (SUSPENDED, SIGNAL)
07:20:39.271 INFO: [TadState] TAD state changed: READY -> DEBUG_RESUMED (SUSPENDED, SIGNAL)
07:20:39.511 INFO: [TadState] TAD state changed: DEBUG_RESUMED -> READY (SUSPENDED, USER_REQUEST)
07:20:39.997 INFO: [TadState] TAD state changed: READY -> DEBUG_RESUMED (SUSPENDED, SIGNAL)
07:20:40.616 INFO: [TadState] TAD state changed: DEBUG_RESUMED -> DEBUG_RESUMED (RESUMED, STEP)
07:20:49.497 INFO: [TadState] TAD state changed: DEBUG_RESUMED -> READY (SUSPENDED, SIGNAL)
07:20:49.518 INFO: [TadState] TAD state changed: READY -> DEBUG_RESUMED (RESUMED, USER_REQUEST)
07:20:49.840 INFO: [TadState] TAD state changed: DEBUG_RESUMED -> READY (SUSPENDED, SIGNAL)
07:20:50.456 INFO: [TadState] TAD state changed: READY -> DEBUG_RESUMED (SUSPENDED, USER_REQUEST)
07:20:50.980 INFO: [TadState] TAD state changed: DEBUG_RESUMED -> READY (SUSPENDED, SIGNAL)
07:20:51.621 INFO: [TadState] TAD state changed: READY -> DEBUG_RESUMED (SUSPENDED, SIGNAL)
07:20:51.934 INFO: [TadState] TAD state changed: DEBUG_RESUMED -> READY (SUSPENDED, USER_REQUEST)
07:20:52.642 INFO: [TadState] TAD state changed: READY -> DEBUG_RESUMED (SUSPENDED, SIGNAL)
07:20:53.240 INFO: [TadState] TAD state changed: DEBUG_RESUMED -> READY (SUSPENDED, SIGNAL)
07:20:53.915 INFO: [TadState] TAD state changed: READY -> DEBUG_RESUMED (SUSPENDED, SIGNAL)
07:20:54.847 INFO: [TadState] TAD state changed: DEBUG_RESUMED -> READY (SUSPENDED, SIGNAL)
07:20:55.713 INFO: [TadState] TAD state changed: READY -> DEBUG_RESUMED (SUSPENDED, SIGNAL)
07:20:56.247 INFO: [TadState] TAD state changed: DEBUG_RESUMED -> READY (SUSPENDED, SIGNAL)
07:20:56.806 INFO: [TadState] TAD state changed: READY -> DEBUG_RESUMED (SUSPENDED, SIGNAL)
07:20:57.366 INFO: [TadState] TAD state changed: DEBUG_RESUMED -> READY (SUSPENDED, SIGNAL)
07:20:58.06 INFO: [TadState] TAD state changed: READY -> DEBUG_RESUMED (SUSPENDED, SIGNAL)
07:20:58.650 INFO: [TadState] TAD state changed: DEBUG_RESUMED -> READY (SUSPENDED, SIGNAL)
07:20:59.314 INFO: [TadState] TAD state changed: READY -> DEBUG_RESUMED (SUSPENDED, SIGNAL)
07:21:00.16 INFO: [TadState] TAD state changed: DEBUG_RESUMED -> READY (SUSPENDED, SIGNAL)
07:21:00.755 INFO: [TadState] TAD state changed: READY -> DEBUG_RESUMED (SUSPENDED, SIGNAL)
07:21:01.415 INFO: [TadState] TAD state changed: DEBUG_RESUMED -> READY (SUSPENDED, SIGNAL)
07:21:02.135 INFO: [TadState] TAD state changed: READY -> DEBUG_RESUMED (SUSPENDED, SIGNAL)
07:21:02.819 INFO: [TadState] TAD state changed: DEBUG_RESUMED -> READY (SUSPENDED, SIGNAL)
07:21:03.528 INFO: [TadState] TAD state changed: READY -> DEBUG_RESUMED (SUSPENDED, SIGNAL)
07:21:04.213 INFO: [TadState] TAD state changed: DEBUG_RESUMED -> READY (SUSPENDED, SIGNAL)
07:21:04.908 INFO: [TadState] TAD state changed: READY -> DEBUG_RESUMED (SUSPENDED, SIGNAL)
07:21:05.811 INFO: [TadState] TAD state changed: DEBUG_RESUMED -> READY (SUSPENDED, SIGNAL)
07:21:06.487 INFO: [TadState] TAD state changed: READY -> DEBUG_RESUMED (SUSPENDED, SIGNAL)
07:21:07.402 INFO: [TadState] TAD state changed: DEBUG_RESUMED -> READY (SUSPENDED, SIGNAL)
07:21:07.996 INFO: [TadState] TAD state changed: READY -> DEBUG_RESUMED (SUSPENDED, SIGNAL)
07:21:08.614 INFO: [TadState] TAD state changed: DEBUG_RESUMED -> READY (SUSPENDED, SIGNAL)
07:21:09.245 INFO: [TadState] TAD state changed: READY -> DEBUG_RESUMED (SUSPENDED, SIGNAL)
07:21:22.579 INFO: [TadState] TAD state changed: DEBUG_RESUMED -> DEBUG_RESUMED (RESUMED, USER_REQUEST)
07:21:26.245 INFO: [TadState] TAD state changed: DEBUG_RESUMED -> READY (SUSPENDED, SIGNAL)
07:21:32.976 INFO: [TadState] TAD state changed: READY -> DEBUG_RESUMED (RESUMED, STEP)
07:21:33.353 INFO: [TadState] TAD state changed: DEBUG_RESUMED -> READY (SUSPENDED, STEP)
07:21:36.299 INFO: [TadState] TAD state changed: READY -> DEBUG_RESUMED (RESUMED, STEP)
07:21:36.378 INFO: [TadState] TAD state changed: DEBUG_RESUMED -> READY (SUSPENDED, STEP)
07:21:38.359 INFO: [TadState] TAD state changed: READY -> DEBUG_RESUMED (RESUMED, STEP)
07:21:38.712 INFO: [TadState] TAD state changed: DEBUG_RESUMED -> READY (SUSPENDED, STEP)
07:21:40.103 INFO: [TadState] TAD state changed: READY -> DEBUG_RESUMED (RESUMED, STEP)
07:21:40.198 INFO: [TadState] TAD state changed: DEBUG_RESUMED -> READY (SUSPENDED, USER_REQUEST)
07:21:43.832 INFO: [TadState] TAD state changed: READY -> DEBUG_RESUMED (RESUMED, STEP)
07:21:43.935 INFO: [TadState] TAD state changed: DEBUG_RESUMED -> READY (SUSPENDED, STEP)
07:21:45.733 INFO: [TadState] TAD state changed: READY -> DEBUG_RESUMED (RESUMED, STEP)
07:21:45.840 INFO: [TadState] TAD state changed: DEBUG_RESUMED -> READY (SUSPENDED, STEP)
07:21:47.435 INFO: [TadState] TAD state changed: READY -> DEBUG_RESUMED (RESUMED, USER_REQUEST)
07:21:56.495 INFO: [TadState] TAD state changed: DEBUG_RESUMED -> READY (SUSPENDED, SIGNAL)
07:21:58.726 INFO: [TadState] TAD state changed: READY -> DEBUG_RESUMED (RESUMED, STEP)
07:21:59.03 INFO: [TadState] TAD state changed: DEBUG_RESUMED -> READY (SUSPENDED, STEP)
07:22:02.677 INFO: [TadState] TAD state changed: READY -> DEBUG_RESUMED (RESUMED, STEP)
07:22:02.759 INFO: [TadState] TAD state changed: DEBUG_RESUMED -> READY (SUSPENDED, STEP)
07:22:09.130 INFO: [TadState] TAD state changed: READY -> DEBUG_RESUMED (RESUMED, STEP)
07:22:09.532 INFO: [TadState] TAD state changed: DEBUG_RESUMED -> READY (SUSPENDED, STEP)
07:22:11.107 INFO: [TadState] TAD state changed: READY -> DEBUG_RESUMED (RESUMED, STEP)
07:22:11.203 INFO: [TadState] TAD state changed: DEBUG_RESUMED -> READY (SUSPENDED, USER_REQUEST)
07:22:12.742 INFO: [TadState] TAD state changed: READY -> DEBUG_RESUMED (RESUMED, STEP)
07:22:12.856 INFO: [TadState] TAD state changed: DEBUG_RESUMED -> READY (SUSPENDED, STEP)
07:22:14.860 INFO: [TadState] TAD state changed: READY -> DEBUG_RESUMED (RESUMED, USER_REQUEST)
07:24:59.318 INFO: [TadState] TAD state changed: DEBUG_RESUMED -> READY (SUSPENDED, SIGNAL)
07:25:00.421 INFO: [TadModel] DSF session ID 2 has ended.
