"Task Aware Debugger for GDB" version 11.6.1 (202207200623)
(c) 2016-2022 NXP Semiconductors, Inc.
==================================
07:12:59.533 INFO: [TadModel] DSF session ID 0 has started.
07:13:32.715 INFO: [TadState] TAD state changed: DEBUG_STARTED -> DEBUG_INIT_0 (RESUMED, USER_REQUEST)
07:13:32.986 INFO: [TadState] TAD state changed: DEBUG_INIT_0 -> DEBUG_INIT_1 (SUSPENDED, SIGNAL)
07:13:33.984 INFO: [TadState] TAD state changed: DEBUG_INIT_1 -> DEBUG_SUSPENDED (RESUMED, USER_REQUEST)
07:13:34.90 INFO: [TadState] TAD state changed: DEBUG_SUSPENDED -> DEBUG_SUSPENDED (SUSPENDED, BREAKPOINT)
07:14:00.48 INFO: [TadState] TAD state changed: DEBUG_SUSPENDED -> DEBUG_RESUMED (RESUMED, STEP)
07:14:00.205 INFO: [TadState] TAD state changed: DEBUG_RESUMED -> READY (SUSPENDED, STEP)
07:14:00.991 INFO: [TadState] TAD state changed: READY -> DEBUG_RESUMED (RESUMED, STEP)
07:14:01.143 INFO: [TadState] TAD state changed: DEBUG_RESUMED -> READY (SUSPENDED, STEP)
07:14:01.903 INFO: [TadState] TAD state changed: READY -> DEBUG_RESUMED (RESUMED, STEP)
07:14:02.51 INFO: [TadState] TAD state changed: DEBUG_RESUMED -> READY (SUSPENDED, STEP)
07:14:09.446 INFO: [TadState] TAD state changed: READY -> DEBUG_RESUMED (RESUMED, STEP)
07:14:09.602 INFO: [TadState] TAD state changed: DEBUG_RESUMED -> READY (SUSPENDED, STEP)
07:14:10.292 INFO: [TadState] TAD state changed: READY -> DEBUG_RESUMED (RESUMED, STEP)
07:14:10.518 INFO: [TadState] TAD state changed: DEBUG_RESUMED -> READY (SUSPENDED, STEP)
07:14:11.352 INFO: [TadState] TAD state changed: READY -> DEBUG_RESUMED (RESUMED, STEP)
07:14:11.680 INFO: [TadState] TAD state changed: DEBUG_RESUMED -> READY (SUSPENDED, STEP)
07:14:12.570 INFO: [TadState] TAD state changed: READY -> DEBUG_RESUMED (RESUMED, STEP)
07:14:12.695 INFO: [TadState] TAD state changed: DEBUG_RESUMED -> READY (SUSPENDED, STEP)
07:14:14.710 INFO: [TadState] TAD state changed: READY -> DEBUG_RESUMED (RESUMED, STEP)
07:14:14.833 INFO: [TadState] TAD state changed: DEBUG_RESUMED -> READY (SUSPENDED, STEP)
07:14:15.718 INFO: [TadState] TAD state changed: READY -> DEBUG_RESUMED (RESUMED, STEP)
07:14:15.843 INFO: [TadState] TAD state changed: DEBUG_RESUMED -> READY (SUSPENDED, STEP)
07:14:16.647 INFO: [TadState] TAD state changed: READY -> DEBUG_RESUMED (RESUMED, STEP)
07:14:16.771 INFO: [TadState] TAD state changed: DEBUG_RESUMED -> READY (SUSPENDED, STEP)
07:14:18.776 INFO: [TadState] TAD state changed: READY -> DEBUG_RESUMED (RESUMED, STEP)
07:14:18.846 INFO: [TadState] TAD state changed: DEBUG_RESUMED -> READY (SUSPENDED, STEP)
07:14:22.979 INFO: [TadState] TAD state changed: READY -> DEBUG_RESUMED (RESUMED, STEP)
07:14:23.339 INFO: [TadState] TAD state changed: DEBUG_RESUMED -> READY (SUSPENDED, STEP)
07:14:24.755 INFO: [TadState] TAD state changed: READY -> DEBUG_RESUMED (RESUMED, STEP)
07:14:25.82 INFO: [TadState] TAD state changed: DEBUG_RESUMED -> READY (SUSPENDED, STEP)
07:14:26.172 INFO: [TadState] TAD state changed: READY -> DEBUG_RESUMED (RESUMED, STEP)
07:14:26.351 INFO: [TadState] TAD state changed: DEBUG_RESUMED -> READY (SUSPENDED, STEP)
07:14:27.448 INFO: [TadState] TAD state changed: READY -> DEBUG_RESUMED (RESUMED, STEP)
07:14:27.571 INFO: [TadState] TAD state changed: DEBUG_RESUMED -> READY (SUSPENDED, STEP)
07:14:28.870 INFO: [TadState] TAD state changed: READY -> DEBUG_RESUMED (RESUMED, STEP)
07:14:29.36 INFO: [TadState] TAD state changed: DEBUG_RESUMED -> READY (SUSPENDED, STEP)
07:14:30.304 INFO: [TadState] TAD state changed: READY -> DEBUG_RESUMED (RESUMED, STEP)
07:14:30.616 INFO: [TadState] TAD state changed: DEBUG_RESUMED -> READY (SUSPENDED, STEP)
07:14:31.722 INFO: [TadState] TAD state changed: READY -> DEBUG_RESUMED (RESUMED, STEP)
07:14:32.184 INFO: [TadState] TAD state changed: DEBUG_RESUMED -> READY (SUSPENDED, STEP)
07:14:37.501 INFO: [TadState] TAD state changed: READY -> DEBUG_RESUMED (RESUMED, STEP)
07:14:37.627 INFO: [TadState] TAD state changed: DEBUG_RESUMED -> READY (SUSPENDED, STEP)
07:14:38.591 INFO: [TadState] TAD state changed: READY -> DEBUG_RESUMED (RESUMED, STEP)
07:14:38.662 INFO: [TadState] TAD state changed: DEBUG_RESUMED -> READY (SUSPENDED, STEP)
07:14:42.757 INFO: [TadState] TAD state changed: READY -> DEBUG_RESUMED (RESUMED, STEP)
07:14:42.828 INFO: [TadState] TAD state changed: DEBUG_RESUMED -> READY (SUSPENDED, STEP)
07:14:43.829 INFO: [TadState] TAD state changed: READY -> DEBUG_RESUMED (RESUMED, STEP)
07:14:44.240 INFO: [TadState] TAD state changed: DEBUG_RESUMED -> READY (SUSPENDED, STEP)
07:14:47.621 INFO: [TadState] TAD state changed: READY -> DEBUG_RESUMED (RESUMED, STEP)
07:14:47.960 INFO: [TadState] TAD state changed: DEBUG_RESUMED -> READY (SUSPENDED, STEP)
07:14:51.716 INFO: [TadState] TAD state changed: READY -> DEBUG_RESUMED (RESUMED, STEP)
07:14:51.787 INFO: [TadState] TAD state changed: DEBUG_RESUMED -> READY (SUSPENDED, STEP)
07:14:53.599 INFO: [TadState] TAD state changed: READY -> DEBUG_RESUMED (RESUMED, STEP)
07:14:53.977 INFO: [TadState] TAD state changed: DEBUG_RESUMED -> READY (SUSPENDED, STEP)
07:15:02.237 INFO: [TadState] TAD state changed: READY -> DEBUG_RESUMED (RESUMED, STEP)
07:15:02.575 INFO: [TadState] TAD state changed: DEBUG_RESUMED -> READY (SUSPENDED, STEP)
07:15:03.457 INFO: [TadState] TAD state changed: READY -> DEBUG_RESUMED (RESUMED, STEP)
07:15:03.526 INFO: [TadState] TAD state changed: DEBUG_RESUMED -> READY (SUSPENDED, STEP)
07:15:04.364 INFO: [TadState] TAD state changed: READY -> DEBUG_RESUMED (RESUMED, STEP)
07:15:04.758 INFO: [TadState] TAD state changed: DEBUG_RESUMED -> READY (SUSPENDED, STEP)
07:15:05.542 INFO: [TadState] TAD state changed: READY -> DEBUG_RESUMED (RESUMED, STEP)
07:15:05.887 INFO: [TadState] TAD state changed: DEBUG_RESUMED -> READY (SUSPENDED, STEP)
07:15:06.735 INFO: [TadState] TAD state changed: READY -> DEBUG_RESUMED (RESUMED, STEP)
07:15:06.804 INFO: [TadState] TAD state changed: DEBUG_RESUMED -> READY (SUSPENDED, STEP)
07:15:07.708 INFO: [TadState] TAD state changed: READY -> DEBUG_RESUMED (RESUMED, STEP)
07:15:08.98 INFO: [TadState] TAD state changed: DEBUG_RESUMED -> READY (SUSPENDED, STEP)
07:15:08.985 INFO: [TadState] TAD state changed: READY -> DEBUG_RESUMED (RESUMED, STEP)
07:15:09.343 INFO: [TadState] TAD state changed: DEBUG_RESUMED -> READY (SUSPENDED, STEP)
07:15:11.739 INFO: [TadState] TAD state changed: READY -> DEBUG_RESUMED (RESUMED, STEP)
07:15:11.809 INFO: [TadState] TAD state changed: DEBUG_RESUMED -> READY (SUSPENDED, STEP)
07:15:12.737 INFO: [TadState] TAD state changed: READY -> DEBUG_RESUMED (RESUMED, STEP)
07:15:13.131 INFO: [TadState] TAD state changed: DEBUG_RESUMED -> READY (SUSPENDED, STEP)
07:15:14.112 INFO: [TadState] TAD state changed: READY -> DEBUG_RESUMED (RESUMED, STEP)
07:15:14.455 INFO: [TadState] TAD state changed: DEBUG_RESUMED -> READY (SUSPENDED, STEP)
07:15:15.263 INFO: [TadState] TAD state changed: READY -> DEBUG_RESUMED (RESUMED, STEP)
07:15:15.335 INFO: [TadState] TAD state changed: DEBUG_RESUMED -> READY (SUSPENDED, STEP)
07:15:16.221 INFO: [TadState] TAD state changed: READY -> DEBUG_RESUMED (RESUMED, STEP)
07:15:16.639 INFO: [TadState] TAD state changed: DEBUG_RESUMED -> READY (SUSPENDED, STEP)
07:15:17.447 INFO: [TadState] TAD state changed: READY -> DEBUG_RESUMED (RESUMED, STEP)
07:15:17.753 INFO: [TadState] TAD state changed: DEBUG_RESUMED -> READY (SUSPENDED, STEP)
07:15:18.600 INFO: [TadState] TAD state changed: READY -> DEBUG_RESUMED (RESUMED, STEP)
07:15:18.671 INFO: [TadState] TAD state changed: DEBUG_RESUMED -> READY (SUSPENDED, STEP)
07:15:19.649 INFO: [TadState] TAD state changed: READY -> DEBUG_RESUMED (RESUMED, STEP)
07:15:20.63 INFO: [TadState] TAD state changed: DEBUG_RESUMED -> READY (SUSPENDED, STEP)
07:15:20.965 INFO: [TadState] TAD state changed: READY -> DEBUG_RESUMED (RESUMED, STEP)
07:15:21.341 INFO: [TadState] TAD state changed: DEBUG_RESUMED -> READY (SUSPENDED, STEP)
07:15:27.20 INFO: [TadState] TAD state changed: READY -> DEBUG_RESUMED (RESUMED, STEP)
07:15:27.90 INFO: [TadState] TAD state changed: DEBUG_RESUMED -> READY (SUSPENDED, STEP)
07:15:27.834 INFO: [TadState] TAD state changed: READY -> DEBUG_RESUMED (RESUMED, STEP)
07:15:28.183 INFO: [TadState] TAD state changed: DEBUG_RESUMED -> READY (SUSPENDED, STEP)
07:15:29.20 INFO: [TadState] TAD state changed: READY -> DEBUG_RESUMED (RESUMED, STEP)
07:15:29.343 INFO: [TadState] TAD state changed: DEBUG_RESUMED -> READY (SUSPENDED, STEP)
07:15:30.127 INFO: [TadState] TAD state changed: READY -> DEBUG_RESUMED (RESUMED, STEP)
07:15:30.196 INFO: [TadState] TAD state changed: DEBUG_RESUMED -> READY (SUSPENDED, STEP)
07:15:30.959 INFO: [TadState] TAD state changed: READY -> DEBUG_RESUMED (RESUMED, STEP)
07:15:31.300 INFO: [TadState] TAD state changed: DEBUG_RESUMED -> READY (SUSPENDED, STEP)
07:15:32.162 INFO: [TadState] TAD state changed: READY -> DEBUG_RESUMED (RESUMED, STEP)
07:15:32.469 INFO: [TadState] TAD state changed: DEBUG_RESUMED -> READY (SUSPENDED, STEP)
07:15:33.213 INFO: [TadState] TAD state changed: READY -> DEBUG_RESUMED (RESUMED, STEP)
07:15:33.284 INFO: [TadState] TAD state changed: DEBUG_RESUMED -> READY (SUSPENDED, STEP)
07:15:34.203 INFO: [TadState] TAD state changed: READY -> DEBUG_RESUMED (RESUMED, STEP)
07:15:34.616 INFO: [TadState] TAD state changed: DEBUG_RESUMED -> READY (SUSPENDED, STEP)
07:15:38.621 INFO: [TadModel] DSF session ID 0 has ended.
